<?xml version="1.0" encoding="UTF-8"?>
<!-- Generated by org.testng.reporters.JUnitReportReporter -->
<testsuite hostname="VISHALTS" failures="0" tests="6" name="cucumberOptions.TestNGRunner" time="0.173" errors="0" timestamp="2024-07-24T03:39:49 IST" skipped="0">
  <testcase classname="cucumberOptions.TestNGRunner" name="runScenario" time="0.015"/>
  <testcase classname="cucumberOptions.TestNGRunner" name="runScenario" time="0.006"/>
  <testcase classname="cucumberOptions.TestNGRunner" name="runScenario" time="0.137"/>
  <testcase classname="cucumberOptions.TestNGRunner" name="runScenario" time="0.006"/>
  <testcase classname="cucumberOptions.TestNGRunner" name="runScenario" time="0.004"/>
  <testcase classname="cucumberOptions.TestNGRunner" name="runScenario" time="0.005"/>
</testsuite> <!-- cucumberOptions.TestNGRunner -->
